0 verbose cli [
0 verbose cli   'C:\\Program Files\\nodejs\\node.exe',
0 verbose cli   'C:\\Program Files\\nodejs\\node_modules\\npm\\bin\\npm-cli.js',
0 verbose cli   'uninstall',
0 verbose cli   '--cache',
0 verbose cli   'react-router-dom'
0 verbose cli ]
1 info using npm@8.3.1
2 info using node@v16.14.0
3 timing npm:load:whichnode Completed in 0ms
4 timing config:load:defaults Completed in 2ms
5 timing config:load:file:C:\Program Files\nodejs\node_modules\npm\npmrc Completed in 8ms
6 timing config:load:builtin Completed in 8ms
7 timing config:load:cli Completed in 3ms
8 timing config:load:env Completed in 0ms
9 timing config:load:file:C:\Users\Admin\Desktop\react\csd\.npmrc Completed in 1ms
10 timing config:load:project Completed in 1ms
11 timing config:load:file:C:\Users\Admin\.npmrc Completed in 0ms
12 timing config:load:user Completed in 0ms
13 timing config:load:file:C:\Users\Admin\AppData\Roaming\npm\etc\npmrc Completed in 1ms
14 timing config:load:global Completed in 1ms
15 timing config:load:validate Completed in 0ms
16 timing config:load:credentials Completed in 1ms
17 timing config:load:setEnvs Completed in 1ms
18 timing config:load Completed in 18ms
19 timing npm:load:configload Completed in 19ms
20 timing npm:load:setTitle Completed in 0ms
21 timing config:load:flatten Completed in 4ms
22 timing npm:load:display Completed in 6ms
23 verbose logfile C:\Users\Admin\Desktop\react\csd\react-router-dom\_logs\2022-03-28T04_46_57_939Z-debug-0.log
24 timing npm:load:logFile Completed in 10ms
25 timing npm:load:timers Completed in 0ms
26 timing npm:load:configScope Completed in 0ms
27 timing npm:load Completed in 37ms
28 timing command:uninstall Completed in 0ms
29 verbose stack Error: Must provide a package name to remove
29 verbose stack     at Uninstall.exec (C:\Program Files\nodejs\node_modules\npm\lib\commands\uninstall.js:31:15)
29 verbose stack     at Npm.exec (C:\Program Files\nodejs\node_modules\npm\lib\npm.js:146:22)
29 verbose stack     at async module.exports (C:\Program Files\nodejs\node_modules\npm\lib\cli.js:66:5)
30 verbose cwd C:\Users\Admin\Desktop\react\csd
31 verbose Windows_NT 10.0.14393
32 verbose argv "C:\\Program Files\\nodejs\\node.exe" "C:\\Program Files\\nodejs\\node_modules\\npm\\bin\\npm-cli.js" "uninstall" "--cache" "react-router-dom"
33 verbose node v16.14.0
34 verbose npm  v8.3.1
35 error Must provide a package name to remove
36 verbose exit 1
37 timing npm Completed in 439ms
38 verbose code 1
39 error A complete log of this run can be found in:
39 error     C:\Users\Admin\Desktop\react\csd\react-router-dom\_logs\2022-03-28T04_46_57_939Z-debug-0.log
